<?xml version="1.0" encoding="UTF-8"?>
<!-- Generated by org.testng.reporters.JUnitXMLReporter -->
<testsuite ignored="0" hostname="DESKTOP-1S36LMB" failures="0" tests="3" name="Test" time="0.082" errors="0" timestamp="30 Jul 2022 18:10:15 GMT">
  <testcase classname="package1.TestClass" name="ActionOnBrowser" time="0.022"/>
  <testcase classname="package1.TestClass" name="CloseBrowser" time="0.003"/>
  <testcase classname="package1.TestClass" name="OpenBrowser" time="0.001"/>
</testsuite> <!-- Test -->
