<?xml version="1.0" encoding="UTF-8"?>
<!-- Generated by org.testng.reporters.JUnitXMLReporter -->
<testsuite ignored="0" hostname="DESKTOP-1S36LMB" failures="1" tests="3" name="Test" time="0.072" errors="0" timestamp="30 Jul 2022 18:06:25 GMT">
  <testcase classname="package1.TestClass" name="ActionOnBrowser" time="0.013"/>
  <testcase classname="package1.TestClass" name="CloseBrowser" time="0.003">
    <failure type="java.lang.AssertionError" message="expected [true] but found [false]">
      <![CDATA[java.lang.AssertionError: expected [true] but found [false]
at package1.TestClass.CloseBrowser(TestClass.java:19)
... Removed 31 stack frames]]>
    </failure>
  </testcase> <!-- CloseBrowser -->
  <testcase classname="package1.TestClass" name="OpenBrowser" time="0.001"/>
</testsuite> <!-- Test -->
