-------------------------------------------------------------------------------
Test set: TestSuite
-------------------------------------------------------------------------------
Tests run: 3, Failures: 1, Errors: 0, Skipped: 0, Time elapsed: 0.738 s <<< FAILURE! - in TestSuite
CloseBrowser(package1.TestClass)  Time elapsed: 0.009 s  <<< FAILURE!
java.lang.AssertionError: expected [true] but found [false]
	at package1.TestClass.CloseBrowser(TestClass.java:19)

