<?xml version="1.0" encoding="UTF-8"?>
<testng-results ignored="0" total="3" passed="3" failed="0" skipped="0">
  <reporter-output>
  </reporter-output>
  <suite started-at="2022-07-30T18:10:15Z" name="Suite" finished-at="2022-07-30T18:10:15Z" duration-ms="82">
    <groups>
    </groups>
    <test started-at="2022-07-30T18:10:15Z" name="Test" finished-at="2022-07-30T18:10:15Z" duration-ms="82">
      <class name="package1.TestClass">
        <test-method signature="ActionOnBrowser()[pri:0, instance:package1.TestClass@1ce24091]" started-at="2022-07-30T18:10:15Z" name="ActionOnBrowser" finished-at="2022-07-30T18:10:15Z" duration-ms="22" status="PASS">
          <reporter-output>
          </reporter-output>
        </test-method> <!-- ActionOnBrowser -->
        <test-method signature="CloseBrowser()[pri:0, instance:package1.TestClass@1ce24091]" started-at="2022-07-30T18:10:15Z" name="CloseBrowser" finished-at="2022-07-30T18:10:15Z" duration-ms="3" status="PASS">
          <reporter-output>
          </reporter-output>
        </test-method> <!-- CloseBrowser -->
        <test-method signature="OpenBrowser()[pri:0, instance:package1.TestClass@1ce24091]" started-at="2022-07-30T18:10:15Z" name="OpenBrowser" finished-at="2022-07-30T18:10:15Z" duration-ms="1" status="PASS">
          <reporter-output>
          </reporter-output>
        </test-method> <!-- OpenBrowser -->
      </class> <!-- package1.TestClass -->
    </test> <!-- Test -->
  </suite> <!-- Suite -->
</testng-results>
